<?xml version="1.0" encoding="UTF-8"?>
<!-- Generated by org.testng.reporters.JUnitReportReporter -->
<testsuite hostname="DESKTOP-BKASB7R" failures="0" tests="1" name="seleniumInterview.AssertAndVerify" time="0.026" errors="0" timestamp="2023-01-23T20:31:57 IST" skipped="0">
  <testcase classname="seleniumInterview.AssertAndVerify" name="verifyTest" time="0.026"/>
  <system-out/>
</testsuite> <!-- seleniumInterview.AssertAndVerify -->
