<?xml version="1.0" encoding="UTF-8"?>
<!-- Generated by org.testng.reporters.JUnitReportReporter -->
<testsuite hostname="DESKTOP-BKASB7R" failures="0" tests="1" name="seleniumInterview.ExceptionHandling" time="2.031" errors="0" timestamp="2022-10-20T11:49:48 IST" skipped="0">
  <testcase classname="seleniumInterview.ExceptionHandling" name="test" time="2.031"/>
  <system-out/>
</testsuite> <!-- seleniumInterview.ExceptionHandling -->
