<?xml version="1.0" encoding="UTF-8"?>
<!-- Generated by org.testng.reporters.JUnitReportReporter -->
<testsuite hostname="DESKTOP-BKASB7R" failures="0" tests="1" name="seleniumInterview.Timeout" time="3.024" errors="0" timestamp="2022-10-20T11:18:17 IST" skipped="0">
  <testcase classname="seleniumInterview.Timeout" name="test" time="3.024"/>
  <system-out/>
</testsuite> <!-- seleniumInterview.Timeout -->
